{"numTotalTestSuites":2,"numPassedTestSuites":0,"numFailedTestSuites":2,"numPendingTestSuites":0,"numTotalTests":4,"numPassedTests":1,"numFailedTests":3,"numPendingTests":0,"numTodoTests":0,"snapshot":{"added":0,"failure":false,"filesAdded":0,"filesRemoved":0,"filesRemovedList":[],"filesUnmatched":0,"filesUpdated":0,"matched":0,"total":0,"unchecked":0,"uncheckedKeysByFile":[],"unmatched":0,"updated":0,"didUpdate":false},"startTime":1767796909678,"success":false,"testResults":[{"assertionResults":[{"ancestorTitles":["pax2pay Ledger"],"fullName":"pax2pay Ledger create internal","status":"failed","title":"create internal","duration":20012.060416,"failureMessages":["Error: Test timed out in 20000ms.\nIf this is a long-running test, pass a timeout value as the last argument or configure it globally with \"testTimeout\".\n    at Timeout.<anonymous> (file:///home/anton/versioned/pax2pay/upcheck-banking-ledger/node_modules/@vitest/runner/dist/index.js:45:16)\n    at listOnTimeout (node:internal/timers:605:17)\n    at processTimers (node:internal/timers:541:7)"],"meta":{}},{"ancestorTitles":["pax2pay Ledger"],"fullName":"pax2pay Ledger create paxgiro","status":"failed","title":"create paxgiro","duration":4.3741530000006605,"failureMessages":["AssertionError: expected false to be truthy\n    at /home/anton/versioned/pax2pay/upcheck-banking-ledger/index.spec.ts:44:14\n    at file:///home/anton/versioned/pax2pay/upcheck-banking-ledger/node_modules/@vitest/runner/dist/index.js:174:14\n    at file:///home/anton/versioned/pax2pay/upcheck-banking-ledger/node_modules/@vitest/runner/dist/index.js:558:28\n    at file:///home/anton/versioned/pax2pay/upcheck-banking-ledger/node_modules/@vitest/runner/dist/index.js:61:24\n    at new Promise (<anonymous>)\n    at runWithTimeout (file:///home/anton/versioned/pax2pay/upcheck-banking-ledger/node_modules/@vitest/runner/dist/index.js:41:12)\n    at runTest (file:///home/anton/versioned/pax2pay/upcheck-banking-ledger/node_modules/@vitest/runner/dist/index.js:1137:17)\n    at runNextTicks (node:internal/process/task_queues:64:5)\n    at listOnTimeout (node:internal/timers:567:9)\n    at processTimers (node:internal/timers:541:7)"],"meta":{}},{"ancestorTitles":["pax2pay Ledger"],"fullName":"pax2pay Ledger total balance constant","status":"failed","title":"total balance constant","duration":0.32864499999777763,"failureMessages":["AssertionError: expected undefined to be truthy\n    at /home/anton/versioned/pax2pay/upcheck-banking-ledger/index.spec.ts:57:5\n    at runNextTicks (node:internal/process/task_queues:64:5)\n    at listOnTimeout (node:internal/timers:567:9)\n    at processTimers (node:internal/timers:541:7)\n    at file:///home/anton/versioned/pax2pay/upcheck-banking-ledger/node_modules/@vitest/runner/dist/index.js:558:22"],"meta":{}},{"ancestorTitles":["pax2pay Ledger"],"fullName":"pax2pay Ledger Clearbank signer health","status":"passed","title":"Clearbank signer health","duration":0.17524500000217813,"failureMessages":[],"meta":{}}],"startTime":1767796913275,"endTime":1767796933292.3286,"status":"failed","message":"","name":"/home/anton/versioned/pax2pay/upcheck-banking-ledger/index.spec.ts"}]}